2025-08-22 23:52:44,220 - INFO - Inicializando GestureRecognizer
2025-08-22 23:52:44,249 - INFO - Banco de dados inicializado
2025-08-22 23:52:44,250 - INFO - Carregando dados do banco de dados
2025-08-22 23:52:44,524 - INFO - Modelo KNN inicializado
2025-08-22 23:52:47,422 - INFO - Resolução da câmera definida para 640x480
2025-08-22 23:52:55,090 - INFO - Gesto reconhecido: A (100.0%)
2025-08-22 23:52:55,831 - INFO - Gesto reconhecido: F (100.0%)
2025-08-22 23:52:56,491 - INFO - Gesto reconhecido: A (100.0%)
2025-08-22 23:52:59,005 - INFO - Gesto reconhecido: E (100.0%)
2025-08-22 23:53:04,987 - INFO - Dados de gestos salvos no banco de dados
2025-08-22 23:53:04,987 - INFO - Modelo treinado e salvo
2025-08-22 23:53:25,506 - INFO - Novo gesto criado: 2
2025-08-22 23:53:40,858 - INFO - Dados de gestos salvos no banco de dados
2025-08-22 23:53:40,858 - INFO - Modelo treinado e salvo
2025-08-22 23:53:40,880 - INFO - Gesto reconhecido: 2 (100.0%)
2025-08-22 23:53:42,597 - INFO - Gesto reconhecido: 3 (100.0%)
2025-08-22 23:53:43,779 - INFO - Gesto reconhecido: 2 (100.0%)
2025-08-22 23:53:44,434 - INFO - Gesto reconhecido: 5 (100.0%)
2025-08-22 23:53:45,177 - INFO - Gesto reconhecido: 2 (100.0%)
2025-08-22 23:53:46,117 - INFO - Gesto reconhecido: 3 (100.0%)
2025-08-22 23:53:56,003 - INFO - Gesto reconhecido: 4 (100.0%)
2025-08-22 23:54:20,519 - INFO - Gesto reconhecido: 6 (100.0%)
2025-08-22 23:54:47,524 - INFO - Gesto reconhecido: 9 (100.0%)
2025-08-22 23:55:21,872 - INFO - Gesto reconhecido: 4 (100.0%)
2025-08-22 23:55:27,195 - INFO - Gesto reconhecido: 9 (100.0%)
2025-08-22 23:55:28,472 - INFO - Gesto reconhecido: 4 (100.0%)
2025-08-22 23:55:29,586 - INFO - Gesto reconhecido: 6 (100.0%)
2025-08-22 23:55:34,425 - INFO - Recursos liberados
2025-08-22 23:55:34,430 - INFO - Inicializando GestureRecognizer
2025-08-22 23:55:34,436 - INFO - Banco de dados inicializado
2025-08-22 23:55:34,436 - INFO - Carregando dados do banco de dados
2025-08-22 23:55:34,552 - INFO - Modelo KNN inicializado
2025-08-22 23:55:37,099 - INFO - Resolução da câmera definida para 640x480
2025-08-22 23:55:37,881 - INFO - Recursos liberados
2025-08-23 00:02:19,838 - INFO - Inicializando GestureRecognizer
2025-08-23 00:02:19,846 - INFO - Banco de dados inicializado
2025-08-23 00:02:19,846 - INFO - Carregando dados do banco de dados
2025-08-23 00:02:20,183 - INFO - Modelo KNN inicializado
2025-08-23 00:02:22,643 - INFO - Resolução da câmera definida para 640x480
2025-08-23 00:02:26,364 - INFO - Gesto reconhecido: C (100.0%)
2025-08-23 00:02:45,954 - INFO - Novo gesto criado: E
2025-08-23 00:02:46,483 - INFO - Gesto reconhecido: E (100.0%)
2025-08-23 00:02:48,205 - INFO - Gesto reconhecido: F (100.0%)
2025-08-23 00:02:49,305 - INFO - Gesto reconhecido: E (100.0%)
2025-08-23 00:02:50,777 - INFO - Gesto reconhecido: F (100.0%)
2025-08-23 00:02:51,477 - INFO - Gesto reconhecido: A (100.0%)
2025-08-23 00:02:52,191 - INFO - Gesto reconhecido: B (100.0%)
2025-08-23 00:03:11,911 - INFO - Dados de gestos salvos no banco de dados
2025-08-23 00:03:11,911 - INFO - Modelo treinado e salvo
2025-08-23 00:03:13,029 - INFO - Gesto reconhecido: E (100.0%)
2025-08-23 00:03:13,965 - INFO - Gesto reconhecido: A (100.0%)
2025-08-23 00:03:15,957 - INFO - Gesto reconhecido: E (100.0%)
2025-08-23 00:03:21,641 - INFO - Gesto reconhecido: F (100.0%)
2025-08-23 00:03:22,345 - INFO - Gesto reconhecido: E (100.0%)
2025-08-23 00:03:23,029 - INFO - Gesto reconhecido: A (100.0%)
2025-08-23 00:03:23,888 - INFO - Gesto reconhecido: E (100.0%)
2025-08-23 00:03:24,578 - INFO - Gesto reconhecido: A (100.0%)
2025-08-23 00:04:12,296 - INFO - Gesto reconhecido: C (100.0%)
2025-08-23 00:04:38,035 - INFO - Tentando exportar gestos para gestures_export.json
2025-08-23 00:04:38,617 - INFO - 4938 gestos exportados para gestures_export.json
2025-08-23 00:05:15,569 - INFO - Gesto reconhecido: B (100.0%)
2025-08-23 00:05:23,282 - INFO - Gesto reconhecido: E (100.0%)
2025-08-23 00:05:33,873 - INFO - Gesto reconhecido: 3 (100.0%)
2025-08-23 00:05:39,694 - INFO - Gesto reconhecido: 5 (100.0%)
2025-08-23 00:05:42,698 - INFO - Gesto reconhecido: 2 (100.0%)
2025-08-23 00:05:43,605 - INFO - Gesto reconhecido: 4 (100.0%)
2025-08-23 00:05:44,332 - INFO - Gesto reconhecido: 2 (100.0%)
2025-08-23 00:05:52,896 - INFO - Gesto reconhecido: 0 (100.0%)
2025-08-23 00:05:56,421 - INFO - Gesto reconhecido: C (100.0%)
2025-08-23 00:06:00,770 - INFO - Recursos liberados
2025-08-23 00:06:00,775 - INFO - Inicializando GestureRecognizer
2025-08-23 00:06:00,782 - INFO - Banco de dados inicializado
2025-08-23 00:06:00,783 - INFO - Carregando dados do banco de dados
2025-08-23 00:06:00,891 - INFO - Modelo KNN inicializado
2025-08-23 00:06:03,258 - INFO - Resolução da câmera definida para 640x480
2025-08-23 00:06:03,987 - INFO - Tentando exportar gestos para test_export.json
2025-08-23 00:06:03,988 - INFO - 2 gestos exportados para test_export.json
2025-08-23 00:06:04,012 - INFO - Recursos liberados
2025-08-23 00:06:04,013 - INFO - Inicializando GestureRecognizer
2025-08-23 00:06:04,018 - INFO - Banco de dados inicializado
2025-08-23 00:06:04,018 - INFO - Carregando dados do banco de dados
2025-08-23 00:06:04,142 - INFO - Modelo KNN inicializado
2025-08-23 00:06:06,634 - INFO - Resolução da câmera definida para 640x480
2025-08-23 00:06:07,387 - INFO - Recursos liberados
2025-08-23 00:19:25,934 - INFO - Inicializando GestureRecognizer
2025-08-23 00:19:25,942 - INFO - Banco de dados inicializado
2025-08-23 00:19:25,942 - INFO - Carregando dados do banco de dados
2025-08-23 00:19:26,410 - INFO - Modelo KNN inicializado
2025-08-23 00:19:29,054 - INFO - Resolução da câmera definida para 640x480
2025-08-23 00:19:33,261 - INFO - Gesto reconhecido: A (100.0%)
2025-08-23 00:19:34,015 - INFO - Gesto reconhecido: E (100.0%)
2025-08-23 00:19:45,213 - INFO - Gesto reconhecido: F (100.0%)
2025-08-23 00:19:46,316 - INFO - Gesto reconhecido: E (100.0%)
2025-08-23 00:19:47,062 - INFO - Gesto reconhecido: C (100.0%)
2025-08-23 00:19:53,913 - INFO - Gesto reconhecido: E (100.0%)
2025-08-23 00:19:54,712 - INFO - Gesto reconhecido: C (100.0%)
2025-08-23 00:20:08,626 - INFO - Recursos liberados
2025-08-23 00:20:08,633 - INFO - Inicializando GestureRecognizer
2025-08-23 00:20:08,642 - INFO - Banco de dados inicializado
2025-08-23 00:20:08,643 - INFO - Carregando dados do banco de dados
2025-08-23 00:20:08,808 - INFO - Modelo KNN inicializado
2025-08-23 00:20:11,388 - INFO - Resolução da câmera definida para 640x480
2025-08-23 00:20:12,111 - INFO - Tentando exportar gestos para test_export.json
2025-08-23 00:20:12,113 - INFO - 2 gestos exportados para test_export_001.json
2025-08-23 00:20:12,129 - INFO - Recursos liberados
2025-08-23 00:20:12,130 - INFO - Inicializando GestureRecognizer
2025-08-23 00:20:12,137 - INFO - Banco de dados inicializado
2025-08-23 00:20:12,137 - INFO - Carregando dados do banco de dados
2025-08-23 00:20:12,270 - INFO - Modelo KNN inicializado
2025-08-23 00:20:14,609 - INFO - Resolução da câmera definida para 640x480
2025-08-23 00:20:15,376 - INFO - Recursos liberados
2025-08-23 00:27:31,091 - INFO - Inicializando GestureRecognizer
2025-08-23 00:27:31,099 - INFO - Banco de dados inicializado
2025-08-23 00:27:31,099 - INFO - Carregando dados do banco de dados
2025-08-23 00:27:31,629 - INFO - Modelo KNN inicializado
2025-08-23 00:27:34,169 - INFO - Resolução da câmera definida para 640x480
2025-08-23 00:27:46,366 - INFO - Gesto reconhecido: C (100.0%)
2025-08-23 00:28:16,719 - INFO - Novo gesto criado: A
2025-08-23 00:28:31,598 - INFO - Dados de gestos salvos no banco de dados
2025-08-23 00:28:31,598 - INFO - Modelo treinado e salvo
2025-08-23 00:28:31,617 - INFO - Gesto reconhecido: A (100.0%)
2025-08-23 00:28:35,975 - INFO - Gesto reconhecido: C (100.0%)
2025-08-23 00:28:36,717 - INFO - Gesto reconhecido: E (100.0%)
2025-08-23 00:28:37,397 - INFO - Gesto reconhecido: A (100.0%)
2025-08-23 00:28:42,322 - INFO - Gesto reconhecido: C (100.0%)
2025-08-23 00:28:43,081 - INFO - Gesto reconhecido: E (100.0%)
2025-08-23 00:28:44,450 - INFO - Gesto reconhecido: F (100.0%)
2025-08-23 00:28:45,919 - INFO - Gesto reconhecido: E (100.0%)
2025-08-23 00:28:47,884 - INFO - Gesto reconhecido: C (100.0%)
2025-08-23 00:28:48,574 - INFO - Gesto reconhecido: A (100.0%)
2025-08-23 00:28:51,938 - INFO - Gesto reconhecido: C (100.0%)
2025-08-23 00:28:53,365 - INFO - Gesto reconhecido: E (100.0%)
2025-08-23 00:28:54,244 - INFO - Gesto reconhecido: F (100.0%)
2025-08-23 00:28:56,500 - INFO - Gesto reconhecido: E (100.0%)
2025-08-23 00:28:57,184 - INFO - Gesto reconhecido: F (100.0%)
2025-08-23 00:28:58,084 - INFO - Gesto reconhecido: B (100.0%)
2025-08-23 00:28:59,658 - INFO - Gesto reconhecido: F (100.0%)
2025-08-23 00:29:00,401 - INFO - Gesto reconhecido: B (100.0%)
2025-08-23 00:29:03,251 - INFO - Gesto reconhecido: F (100.0%)
2025-08-23 00:29:03,977 - INFO - Gesto reconhecido: B (100.0%)
2025-08-23 00:29:04,645 - INFO - Gesto reconhecido: F (100.0%)
2025-08-23 00:29:05,671 - INFO - Gesto reconhecido: B (100.0%)
2025-08-23 00:29:06,774 - INFO - Gesto reconhecido: E (100.0%)
2025-08-23 00:29:10,815 - INFO - Gesto reconhecido: A (100.0%)
2025-08-23 00:30:04,494 - INFO - Gesto reconhecido: C (100.0%)
2025-08-23 00:30:06,499 - INFO - Gesto reconhecido: B (100.0%)
2025-08-23 00:30:07,177 - INFO - Gesto reconhecido: E (100.0%)
2025-08-23 00:30:08,988 - INFO - Gesto reconhecido: B (100.0%)
2025-08-23 00:30:09,707 - INFO - Gesto reconhecido: C (100.0%)
2025-08-23 00:30:10,383 - INFO - Gesto reconhecido: A (100.0%)
2025-08-23 00:30:14,152 - INFO - Gesto reconhecido: B (100.0%)
2025-08-23 00:30:29,008 - INFO - Gesto reconhecido: E (100.0%)
2025-08-23 00:30:33,408 - INFO - Gesto reconhecido: F (100.0%)
2025-08-23 00:30:34,987 - INFO - Gesto reconhecido: E (100.0%)
2025-08-23 00:30:35,739 - INFO - Gesto reconhecido: F (100.0%)
2025-08-23 00:30:39,176 - INFO - Gesto reconhecido: E (100.0%)
2025-08-23 00:30:40,166 - INFO - Gesto reconhecido: F (100.0%)
2025-08-23 00:30:40,879 - INFO - Gesto reconhecido: E (100.0%)
2025-08-23 00:30:41,531 - INFO - Gesto reconhecido: A (100.0%)
2025-08-23 00:30:42,374 - INFO - Gesto reconhecido: C (100.0%)
2025-08-23 00:30:45,069 - INFO - Gesto reconhecido: E (100.0%)
2025-08-23 00:30:47,948 - INFO - Gesto reconhecido: F (100.0%)
2025-08-23 00:30:48,772 - INFO - Gesto reconhecido: B (100.0%)
2025-08-23 00:30:49,491 - INFO - Gesto reconhecido: C (100.0%)
2025-08-23 00:30:51,669 - INFO - Gesto reconhecido: E (100.0%)
2025-08-23 00:30:52,362 - INFO - Gesto reconhecido: F (100.0%)
2025-08-23 00:30:53,797 - INFO - Gesto reconhecido: E (100.0%)
2025-08-23 00:30:54,840 - INFO - Gesto reconhecido: B (100.0%)
2025-08-23 00:30:55,958 - INFO - Gesto reconhecido: C (100.0%)
2025-08-23 00:31:05,830 - INFO - Gesto reconhecido: B (100.0%)
2025-08-23 00:31:06,576 - INFO - Gesto reconhecido: E (100.0%)
2025-08-23 00:31:16,299 - INFO - Gesto reconhecido: F (100.0%)
2025-08-23 00:31:17,433 - INFO - Gesto reconhecido: E (100.0%)
2025-08-23 00:31:29,912 - ERROR - Erro durante a execução: OpenCV(4.11.0) D:\a\opencv-python\opencv-python\opencv\modules\highgui\src\window_w32.cpp:536: error: (-27:Null pointer) NULL window: 'Reconhecimento de Gestos' in function 'cvGetWindowRect_W32'

2025-08-23 00:31:30,265 - INFO - Recursos liberados
2025-08-23 00:31:30,271 - INFO - Inicializando GestureRecognizer
2025-08-23 00:31:30,280 - INFO - Banco de dados inicializado
2025-08-23 00:31:30,280 - INFO - Carregando dados do banco de dados
2025-08-23 00:31:30,423 - INFO - Modelo KNN inicializado
2025-08-23 00:31:32,935 - INFO - Resolução da câmera definida para 640x480
2025-08-23 00:31:33,772 - INFO - Tentando exportar gestos para test_export.json
2025-08-23 00:31:33,774 - INFO - 2 gestos exportados para test_export_002.json
2025-08-23 00:31:33,792 - INFO - Recursos liberados
2025-08-23 00:31:33,793 - INFO - Inicializando GestureRecognizer
2025-08-23 00:31:33,802 - INFO - Banco de dados inicializado
2025-08-23 00:31:33,802 - INFO - Carregando dados do banco de dados
2025-08-23 00:31:33,953 - INFO - Modelo KNN inicializado
2025-08-23 00:31:36,871 - INFO - Resolução da câmera definida para 640x480
2025-08-23 00:31:37,713 - INFO - Recursos liberados
