2025-10-24 14:59:16,745 - INFO - Precisï¿½o mï¿½dia CV (Random Forest): 1.00 (+/- 0.01)
2025-10-24 14:59:22,063 - INFO - Modelo treinado com 39155 amostras e 20 classes: {'L', 'Q', 'M', 'B', 'F', 'P', 'N', 'R', 'U', 'A', 'G', 'E', 'O', 'V', 'S', 'W', 'D', 'I', 'C', 'T'}
2025-10-24 14:59:47,889 - INFO - Prediï¿½ï¿½o: A | Probabilidade: 0.96
2025-10-24 14:59:53,170 - INFO - Prediï¿½ï¿½o: A | Probabilidade: 0.71
2025-10-24 15:00:03,964 - INFO - Prediï¿½ï¿½o: B | Probabilidade: 0.78
2025-10-24 15:00:06,255 - INFO - Prediï¿½ï¿½o: C | Probabilidade: 0.70
2025-10-24 15:01:39,069 - INFO - Gestos salvos para letter
2025-10-24 15:02:04,098 - INFO - Precisï¿½o mï¿½dia CV (Random Forest): 1.00 (+/- 0.00)
2025-10-24 15:02:10,022 - INFO - Modelo treinado com 39307 amostras e 20 classes: {'L', 'Q', 'M', 'B', 'F', 'P', 'N', 'R', 'U', 'A', 'G', 'E', 'O', 'V', 'S', 'W', 'D', 'I', 'C', 'T'}
2025-10-24 15:02:27,012 - INFO - Prediï¿½ï¿½o: E | Probabilidade: 0.72
2025-10-24 15:02:29,586 - INFO - Prediï¿½ï¿½o: A | Probabilidade: 0.72
2025-10-24 15:02:31,336 - INFO - Prediï¿½ï¿½o: S | Probabilidade: 0.71
2025-10-24 15:02:33,381 - INFO - Prediï¿½ï¿½o: E | Probabilidade: 0.77
2025-10-24 15:03:03,028 - INFO - Prediï¿½ï¿½o: V | Probabilidade: 0.70
2025-10-24 15:03:15,191 - INFO - Prediï¿½ï¿½o: V | Probabilidade: 0.72
2025-10-24 15:03:19,432 - INFO - Prediï¿½ï¿½o: L | Probabilidade: 0.70
2025-10-24 15:03:21,727 - INFO - Prediï¿½ï¿½o: L | Probabilidade: 0.70
2025-10-24 15:03:23,304 - INFO - Prediï¿½ï¿½o: L | Probabilidade: 0.70
2025-10-24 15:03:31,870 - INFO - Prediï¿½ï¿½o: A | Probabilidade: 0.81
2025-10-24 15:04:09,658 - INFO - Prediï¿½ï¿½o: A | Probabilidade: 0.90
2025-10-24 15:04:11,215 - INFO - Prediï¿½ï¿½o: A | Probabilidade: 0.86
2025-10-25 12:16:19,240 - INFO - Tabela de gestos dinâmicos inicializada
2025-10-25 12:16:19,242 - INFO - Carregando dados dinâmicos do banco de dados
2025-10-25 12:17:05,405 - INFO - Precisão média CV (Random Forest): 1.00 (+/- 0.01)
2025-10-25 12:17:15,517 - INFO - Modelo treinado com 41739 amostras e 20 classes: {'P', 'U', 'N', 'W', 'O', 'G', 'T', 'D', 'I', 'L', 'A', 'E', 'C', 'B', 'V', 'S', 'Q', 'F', 'M', 'R'}
2025-10-25 12:17:15,525 - INFO - Arquivos gesture_lstm_model.h5 ou gesture_lstm_classes.pkl não encontrados
2025-10-25 12:17:28,243 - ERROR - Erro durante execução do GestureApp: 'bool' object is not callable
2025-10-25 12:17:28,806 - INFO - Recursos de gestos dinâmicos liberados
2025-10-25 12:27:35,240 - INFO - Tabela de gestos dinâmicos inicializada
2025-10-25 12:27:35,240 - INFO - Carregando dados dinâmicos do banco de dados
2025-10-25 12:28:14,475 - INFO - Precisão média CV (Random Forest): 1.00 (+/- 0.01)
2025-10-25 12:28:22,901 - INFO - Modelo treinado com 41739 amostras e 20 classes: {'C', 'D', 'W', 'A', 'V', 'R', 'B', 'I', 'E', 'Q', 'O', 'T', 'N', 'F', 'U', 'P', 'L', 'M', 'S', 'G'}
2025-10-25 12:28:22,908 - INFO - Arquivos gesture_lstm_model.h5 ou gesture_lstm_classes.pkl não encontrados
2025-10-25 12:28:51,108 - ERROR - Erro durante execução do GestureApp: 'DynamicGestureRecognizer' object has no attribute 'model_trained'
2025-10-25 12:28:51,642 - INFO - Recursos de gestos dinâmicos liberados
2025-10-25 12:38:14,090 - ERROR - Erro na inicialização do DynamicGestureRecognizer: 'DatabaseManager' object has no attribute 'load_dynamic_gestures'
2025-10-25 12:38:14,090 - ERROR - Erro na inicialização do GestureApp: 'DatabaseManager' object has no attribute 'load_dynamic_gestures'
2025-10-25 12:38:14,090 - ERROR - Erro ao executar o aplicativo: 'DatabaseManager' object has no attribute 'load_dynamic_gestures'
2025-10-25 12:38:14,091 - INFO - Recursos de gestos dinâmicos liberados
2025-10-25 14:13:18,057 - INFO - Tabela 'gestures' criada ou verificada
2025-10-25 14:13:18,057 - ERROR - Erro ao criar tabela 'dynamic_gestures': no such column: gesture_name
2025-10-25 14:13:18,057 - ERROR - Erro ao conectar ao banco de dados: no such column: gesture_name
2025-10-25 14:13:18,057 - ERROR - Erro na inicialização do GestureApp: no such column: gesture_name
2025-10-25 14:13:18,058 - ERROR - Erro ao executar o aplicativo: no such column: gesture_name
2025-10-25 14:15:51,411 - INFO - Tabela 'gestures' criada ou verificada
2025-10-25 14:15:51,412 - WARNING - Esquema da tabela 'dynamic_gestures' incorreto. Recriando tabela.
2025-10-25 14:15:51,425 - INFO - Tabela 'dynamic_gestures' criada ou verificada
2025-10-25 14:15:51,425 - INFO - Banco de dados inicializado com sucesso
2025-10-25 14:15:51,427 - INFO - Tabela 'gestures' criada ou verificada
2025-10-25 14:15:51,427 - INFO - Tabela 'dynamic_gestures' criada ou verificada
2025-10-25 14:15:51,427 - INFO - Banco de dados inicializado com sucesso
2025-10-25 14:15:51,427 - INFO - Tabela de gestos dinâmicos inicializada
2025-10-25 14:15:51,427 - INFO - Carregando dados dinâmicos do banco de dados
2025-10-25 14:15:51,427 - INFO - Nenhum dado dinâmico suficiente para inicializar o modelo
2025-10-25 14:16:28,746 - INFO - Precisão média CV (Random Forest): 1.00 (+/- 0.01)
2025-10-25 14:16:36,954 - INFO - Modelo treinado com 41739 amostras e 20 classes: {'C', 'L', 'D', 'I', 'T', 'E', 'A', 'U', 'B', 'G', 'S', 'Q', 'F', 'M', 'W', 'N', 'O', 'P', 'V', 'R'}
2025-10-25 14:16:36,958 - WARNING - Arquivos gesture_lstm_model.h5 ou gesture_lstm_classes.pkl não encontrados
2025-10-25 14:17:26,586 - INFO - Gestos estáticos salvos para letter
2025-10-25 14:18:12,294 - INFO - Precisão média CV (Random Forest): 1.00 (+/- 0.00)
2025-10-25 14:18:22,777 - INFO - Modelo treinado com 41798 amostras e 20 classes: {'D', 'C', 'L', 'I', 'T', 'E', 'A', 'U', 'B', 'G', 'S', 'Q', 'F', 'M', 'W', 'N', 'O', 'P', 'V', 'R'}
2025-10-25 14:25:20,103 - INFO - Tabela 'gestures' criada ou verificada
2025-10-25 14:25:20,103 - INFO - Tabela 'dynamic_gestures' criada ou verificada
2025-10-25 14:25:20,103 - INFO - Banco de dados inicializado com sucesso
2025-10-25 14:25:20,104 - INFO - Tabela 'gestures' criada ou verificada
2025-10-25 14:25:20,104 - INFO - Tabela 'dynamic_gestures' criada ou verificada
2025-10-25 14:25:20,104 - INFO - Banco de dados inicializado com sucesso
2025-10-25 14:25:20,104 - INFO - Tabela de gestos dinâmicos inicializada
2025-10-25 14:25:20,104 - INFO - Nenhum dado dinâmico suficiente para inicializar o modelo
2025-10-25 14:25:59,003 - INFO - Precisão média CV (Random Forest): 0.99 (+/- 0.01)
2025-10-25 14:26:07,921 - INFO - Modelo treinado com 44380 amostras e 20 classes: {'U', 'P', 'V', 'F', 'Q', 'L', 'W', 'C', 'T', 'A', 'I', 'R', 'S', 'G', 'O', 'M', 'B', 'E', 'N', 'D'}
2025-10-25 14:26:07,925 - WARNING - Arquivos gesture_lstm_model.h5 ou gesture_lstm_classes.pkl não encontrados
2025-10-25 14:26:40,216 - INFO - Gestos estáticos salvos para letter
2025-10-25 14:27:25,231 - INFO - Precisão média CV (Random Forest): 1.00 (+/- 0.00)
2025-10-25 14:27:34,920 - INFO - Modelo treinado com 44475 amostras e 20 classes: {'U', 'P', 'V', 'F', 'Q', 'L', 'W', 'C', 'T', 'A', 'R', 'I', 'S', 'G', 'O', 'M', 'B', 'E', 'N', 'D'}
2025-10-25 14:27:42,057 - INFO - Predição estática: A | Probabilidade: 0.76
2025-10-25 14:27:53,109 - INFO - Predição estática: A | Probabilidade: 0.76
2025-10-25 14:28:36,049 - INFO - Gestos dinâmicos salvos: ['X']
2025-10-25 14:28:36,049 - INFO - Gesto dinâmico 'X' salvo com 15 frames
2025-10-25 14:28:36,049 - WARNING - Menos de 2 gestos dinâmicos para treinamento
2025-10-25 14:29:05,349 - INFO - Predição estática: A | Probabilidade: 0.75
2025-10-25 14:31:11,601 - INFO - Predição estática: A | Probabilidade: 0.76
2025-10-25 14:31:23,124 - INFO - Gestos dinâmicos salvos: ['Z']
2025-10-25 14:31:23,124 - INFO - Gesto dinâmico 'Z' salvo com 15 frames
2025-10-25 14:31:26,489 - ERROR - Erro ao treinar modelo LSTM: Exception encountered when calling LSTMCell.call().

[1mDimensions must be equal, but are 65 and 63 for '{{node sequential_1/lstm_1/lstm_cell_1/MatMul}} = MatMul[T=DT_FLOAT, grad_a=false, grad_b=false, transpose_a=false, transpose_b=false](sequential_1/lstm_1/strided_slice_2, sequential_1/lstm_1/lstm_cell_1/Cast/ReadVariableOp)' with input shapes: [?,65], [63,256].[0m

Arguments received by LSTMCell.call():
  • inputs=tf.Tensor(shape=(None, 65), dtype=float32)
  • states=('tf.Tensor(shape=(None, 64), dtype=float32)', 'tf.Tensor(shape=(None, 64), dtype=float32)')
  • training=True
2025-10-25 14:31:52,221 - INFO - Predição estática: A | Probabilidade: 0.75
2025-10-25 14:32:07,379 - INFO - Gestos estáticos salvos para letter
2025-10-25 14:32:52,739 - INFO - Precisão média CV (Random Forest): 1.00 (+/- 0.00)
2025-10-25 14:33:06,030 - INFO - Modelo treinado com 44544 amostras e 20 classes: {'U', 'P', 'V', 'F', 'Q', 'L', 'W', 'C', 'T', 'A', 'R', 'I', 'S', 'G', 'O', 'M', 'B', 'E', 'D', 'N'}
2025-10-25 14:40:29,006 - INFO - Conexão com o banco de dados fechada
2025-10-25 14:40:30,365 - INFO - Conexão com o banco de dados fechada
2025-10-25 14:40:30,369 - INFO - Recursos de gestos dinâmicos liberados
2025-10-25 14:40:50,860 - INFO - Tabela 'gestures' criada ou verificada
2025-10-25 14:40:50,860 - INFO - Tabela 'dynamic_gestures' criada ou verificada
2025-10-25 14:40:50,860 - INFO - Banco de dados inicializado com sucesso
2025-10-25 14:40:50,861 - INFO - Tabela 'gestures' criada ou verificada
2025-10-25 14:40:50,861 - INFO - Tabela 'dynamic_gestures' criada ou verificada
2025-10-25 14:40:50,861 - INFO - Banco de dados inicializado com sucesso
2025-10-25 14:40:50,863 - INFO - Tabela de gestos dinâmicos inicializada
2025-10-25 14:40:51,019 - INFO - Modelo LSTM inicializado com 2 classes
2025-10-25 14:41:26,941 - INFO - Conexão com o banco de dados fechada
2025-10-25 14:41:26,941 - INFO - Recursos de gestos dinâmicos liberados
2025-10-25 14:54:26,944 - INFO - Tabela 'gestures' criada ou verificada
2025-10-25 14:54:26,945 - INFO - Tabela 'dynamic_gestures' criada ou verificada
2025-10-25 14:54:26,945 - INFO - Banco de dados inicializado com sucesso
2025-10-25 14:54:26,945 - INFO - Tabela 'gestures' criada ou verificada
2025-10-25 14:54:26,945 - INFO - Tabela 'dynamic_gestures' criada ou verificada
2025-10-25 14:54:26,947 - INFO - Banco de dados inicializado com sucesso
2025-10-25 14:54:26,948 - INFO - Tabela de gestos dinâmicos inicializada
2025-10-25 14:54:27,099 - INFO - Modelo LSTM inicializado com 2 classes
2025-10-25 14:55:11,113 - INFO - Precisão média CV (Random Forest): 1.00 (+/- 0.01)
2025-10-25 14:55:20,189 - INFO - Modelo treinado com 47124 amostras e 20 classes: {'N', 'W', 'U', 'S', 'L', 'D', 'V', 'A', 'P', 'E', 'G', 'R', 'T', 'C', 'F', 'M', 'Q', 'O', 'I', 'B'}
2025-10-25 14:55:20,204 - WARNING - Arquivos gesture_lstm_model.h5 ou gesture_lstm_classes.pkl não encontrados
2025-10-25 14:55:28,247 - ERROR - Erro durante execução do GestureApp: UIManager.draw_ui() got an unexpected keyword argument 'saving_status'
2025-10-25 14:55:28,564 - INFO - Conexão com o banco de dados fechada
2025-10-25 14:55:28,732 - INFO - Conexão com o banco de dados fechada
2025-10-25 14:55:28,733 - INFO - Recursos de gestos dinâmicos liberados
2025-10-25 14:57:10,066 - INFO - Tabela 'gestures' criada ou verificada
2025-10-25 14:57:10,066 - INFO - Tabela 'dynamic_gestures' criada ou verificada
2025-10-25 14:57:10,066 - INFO - Banco de dados inicializado com sucesso
2025-10-25 14:57:10,067 - INFO - Tabela 'gestures' criada ou verificada
2025-10-25 14:57:10,067 - INFO - Tabela 'dynamic_gestures' criada ou verificada
2025-10-25 14:57:10,067 - INFO - Banco de dados inicializado com sucesso
2025-10-25 14:57:10,069 - INFO - Tabela de gestos dinâmicos inicializada
2025-10-25 14:57:10,200 - INFO - Modelo LSTM inicializado com 2 classes
2025-10-25 14:57:50,993 - INFO - Precisão média CV (Random Forest): 1.00 (+/- 0.01)
2025-10-25 14:57:59,941 - INFO - Modelo treinado com 47124 amostras e 20 classes: {'G', 'Q', 'E', 'U', 'C', 'W', 'M', 'P', 'I', 'N', 'V', 'F', 'L', 'A', 'S', 'R', 'D', 'B', 'O', 'T'}
2025-10-25 14:57:59,946 - WARNING - Arquivos gesture_lstm_model.h5 ou gesture_lstm_classes.pkl não encontrados
2025-10-25 14:58:07,935 - ERROR - Erro durante execução do GestureApp: UIManager.draw_ui() got an unexpected keyword argument 'saving_status'
2025-10-25 14:58:08,273 - INFO - Conexão com o banco de dados fechada
2025-10-25 14:58:08,447 - INFO - Conexão com o banco de dados fechada
2025-10-25 14:58:08,447 - INFO - Recursos de gestos dinâmicos liberados
2025-10-25 15:01:36,786 - WARNING - CPU não suporta as seguintes instruções: sse3. O desempenho pode ser reduzido.
2025-10-25 15:01:36,792 - INFO - Tabela 'gestures' criada ou verificada
2025-10-25 15:01:36,792 - INFO - Tabela 'dynamic_gestures' criada ou verificada
2025-10-25 15:01:36,792 - INFO - Banco de dados inicializado com sucesso
2025-10-25 15:01:36,792 - INFO - Tabela 'gestures' criada ou verificada
2025-10-25 15:01:36,793 - INFO - Tabela 'dynamic_gestures' criada ou verificada
2025-10-25 15:01:36,793 - INFO - Banco de dados inicializado com sucesso
2025-10-25 15:01:36,793 - INFO - Tabela de gestos dinâmicos inicializada
2025-10-25 15:01:37,011 - INFO - Modelo LSTM inicializado com 2 classes
2025-10-25 15:02:16,710 - INFO - Precisão média CV (Random Forest): 1.00 (+/- 0.01)
2025-10-25 15:02:25,805 - INFO - Modelo treinado com 47124 amostras e 20 classes: {'E', 'M', 'P', 'O', 'R', 'T', 'F', 'B', 'G', 'A', 'U', 'Q', 'I', 'V', 'D', 'C', 'W', 'L', 'S', 'N'}
2025-10-25 15:02:25,807 - WARNING - Arquivos gesture_lstm_model.h5 ou gesture_lstm_classes.pkl não encontrados
2025-10-25 15:02:33,326 - ERROR - Erro durante execução do GestureApp: UIManager.draw_ui() got an unexpected keyword argument 'saving_status'
2025-10-25 15:02:33,653 - INFO - Conexão com o banco de dados fechada
2025-10-25 15:02:33,782 - INFO - Conexão com o banco de dados fechada
2025-10-25 15:02:33,782 - INFO - Recursos de gestos dinâmicos liberados
2025-10-25 15:08:53,412 - WARNING - CPU não suporta as seguintes instruções: sse3. O desempenho pode ser reduzido.
2025-10-25 15:08:53,422 - INFO - Tabela 'gestures' criada ou verificada
2025-10-25 15:08:53,423 - INFO - Tabela 'dynamic_gestures' criada ou verificada
2025-10-25 15:08:53,423 - INFO - Banco de dados inicializado com sucesso
2025-10-25 15:08:53,424 - INFO - Tabela 'gestures' criada ou verificada
2025-10-25 15:08:53,424 - INFO - Tabela 'dynamic_gestures' criada ou verificada
2025-10-25 15:08:53,424 - INFO - Banco de dados inicializado com sucesso
2025-10-25 15:08:53,425 - INFO - Tabela de gestos dinâmicos inicializada
2025-10-25 15:08:53,614 - INFO - Modelo LSTM inicializado com 2 classes
2025-10-25 15:09:34,790 - INFO - Precisão média CV (Random Forest): 1.00 (+/- 0.01)
2025-10-25 15:09:43,664 - INFO - Modelo treinado com 47124 amostras e 20 classes: {'T', 'V', 'E', 'O', 'G', 'B', 'A', 'D', 'F', 'N', 'I', 'M', 'W', 'U', 'P', 'L', 'S', 'R', 'Q', 'C'}
2025-10-25 15:09:43,667 - WARNING - Arquivos gesture_lstm_model.h5 ou gesture_lstm_classes.pkl não encontrados
2025-10-25 15:10:26,717 - INFO - Predição estática: A | Probabilidade: 0.71
2025-10-25 15:10:31,634 - INFO - Predição estática: A | Probabilidade: 0.71
2025-10-25 15:10:34,558 - INFO - Predição estática: A | Probabilidade: 0.71
2025-10-25 15:11:03,086 - INFO - Gestos estáticos salvos para letter
2025-10-25 15:11:51,832 - INFO - Precisão média CV (Random Forest): 1.00 (+/- 0.00)
2025-10-25 15:12:02,963 - INFO - Modelo treinado com 47225 amostras e 20 classes: {'T', 'V', 'E', 'O', 'G', 'B', 'A', 'D', 'F', 'N', 'I', 'M', 'W', 'U', 'P', 'L', 'S', 'R', 'Q', 'C'}
2025-10-25 15:12:19,021 - INFO - Predição estática: S | Probabilidade: 0.72
2025-10-25 15:12:32,061 - INFO - Predição estática: S | Probabilidade: 0.70
2025-10-25 15:12:52,579 - INFO - Conexão com o banco de dados fechada
2025-10-25 15:12:52,775 - INFO - Conexão com o banco de dados fechada
2025-10-25 15:12:52,775 - INFO - Recursos de gestos dinâmicos liberados
2025-10-25 15:31:35,114 - INFO - CPU compatível com todas as instruções necessárias.
2025-10-25 15:31:35,121 - INFO - Tabela 'gestures' criada ou verificada
2025-10-25 15:31:35,121 - INFO - Tabela 'dynamic_gestures' criada ou verificada
2025-10-25 15:31:35,122 - INFO - Banco de dados inicializado com sucesso
2025-10-25 15:31:35,122 - INFO - Tabela 'gestures' criada ou verificada
2025-10-25 15:31:35,122 - INFO - Tabela 'dynamic_gestures' criada ou verificada
2025-10-25 15:31:35,122 - INFO - Banco de dados inicializado com sucesso
2025-10-25 15:31:35,123 - INFO - Tabela de gestos dinâmicos inicializada
2025-10-25 15:31:35,312 - INFO - Modelo LSTM inicializado com 2 classes
2025-10-25 15:32:16,075 - INFO - Precisão média CV (Random Forest): 0.99 (+/- 0.01)
2025-10-25 15:32:25,136 - INFO - Modelo treinado com 47225 amostras e 20 classes: {'A', 'G', 'I', 'N', 'R', 'P', 'S', 'L', 'E', 'F', 'V', 'C', 'M', 'U', 'Q', 'D', 'B', 'O', 'W', 'T'}
2025-10-25 15:32:25,140 - WARNING - Arquivos gesture_lstm_model.h5 ou gesture_lstm_classes.pkl não encontrados
2025-10-25 15:32:41,206 - ERROR - Formato de dados inválido para predição. Esperado (65,), recebido (63,)
2025-10-25 15:32:41,230 - ERROR - Formato de dados inválido para predição. Esperado (65,), recebido (63,)
2025-10-25 15:32:41,255 - ERROR - Formato de dados inválido para predição. Esperado (65,), recebido (63,)
2025-10-25 15:32:41,303 - ERROR - Formato de dados inválido para predição. Esperado (65,), recebido (63,)
2025-10-25 15:32:41,327 - ERROR - Formato de dados inválido para predição. Esperado (65,), recebido (63,)
2025-10-25 15:32:41,417 - ERROR - Formato de dados inválido para predição. Esperado (65,), recebido (63,)
2025-10-25 15:32:41,441 - ERROR - Formato de dados inválido para predição. Esperado (65,), recebido (63,)
2025-10-25 15:32:41,464 - ERROR - Formato de dados inválido para predição. Esperado (65,), recebido (63,)
2025-10-25 15:32:41,500 - ERROR - Formato de dados inválido para predição. Esperado (65,), recebido (63,)
2025-10-25 15:32:41,522 - ERROR - Formato de dados inválido para predição. Esperado (65,), recebido (63,)
2025-10-25 15:32:41,547 - ERROR - Formato de dados inválido para predição. Esperado (65,), recebido (63,)
2025-10-25 15:32:41,572 - ERROR - Formato de dados inválido para predição. Esperado (65,), recebido (63,)
2025-10-25 15:32:41,606 - ERROR - Formato de dados inválido para predição. Esperado (65,), recebido (63,)
2025-10-25 15:32:41,631 - ERROR - Formato de dados inválido para predição. Esperado (65,), recebido (63,)
2025-10-25 15:32:41,655 - ERROR - Formato de dados inválido para predição. Esperado (65,), recebido (63,)
2025-10-25 15:32:41,703 - ERROR - Formato de dados inválido para predição. Esperado (65,), recebido (63,)
2025-10-25 15:32:41,728 - ERROR - Formato de dados inválido para predição. Esperado (65,), recebido (63,)
2025-10-25 15:32:41,819 - ERROR - Formato de dados inválido para predição. Esperado (65,), recebido (63,)
2025-10-25 15:32:41,856 - ERROR - Formato de dados inválido para predição. Esperado (65,), recebido (63,)
2025-10-25 15:32:41,879 - ERROR - Formato de dados inválido para predição. Esperado (65,), recebido (63,)
2025-10-25 15:32:41,908 - ERROR - Formato de dados inválido para predição. Esperado (65,), recebido (63,)
2025-10-25 15:32:41,932 - ERROR - Formato de dados inválido para predição. Esperado (65,), recebido (63,)
2025-10-25 15:32:41,964 - ERROR - Formato de dados inválido para predição. Esperado (65,), recebido (63,)
2025-10-25 15:32:41,997 - ERROR - Formato de dados inválido para predição. Esperado (65,), recebido (63,)
2025-10-25 15:32:42,027 - ERROR - Formato de dados inválido para predição. Esperado (65,), recebido (63,)
2025-10-25 15:32:42,060 - ERROR - Formato de dados inválido para predição. Esperado (65,), recebido (63,)
2025-10-25 15:32:42,093 - ERROR - Formato de dados inválido para predição. Esperado (65,), recebido (63,)
2025-10-25 15:32:42,119 - ERROR - Formato de dados inválido para predição. Esperado (65,), recebido (63,)
2025-10-25 15:32:42,149 - ERROR - Formato de dados inválido para predição. Esperado (65,), recebido (63,)
2025-10-25 15:32:42,172 - ERROR - Formato de dados inválido para predição. Esperado (65,), recebido (63,)
2025-10-25 15:32:42,219 - ERROR - Formato de dados inválido para predição. Esperado (65,), recebido (63,)
2025-10-25 15:32:42,245 - ERROR - Formato de dados inválido para predição. Esperado (65,), recebido (63,)
2025-10-25 15:32:42,277 - ERROR - Formato de dados inválido para predição. Esperado (65,), recebido (63,)
2025-10-25 15:32:42,312 - ERROR - Formato de dados inválido para predição. Esperado (65,), recebido (63,)
2025-10-25 15:32:42,334 - ERROR - Formato de dados inválido para predição. Esperado (65,), recebido (63,)
2025-10-25 15:32:42,367 - ERROR - Formato de dados inválido para predição. Esperado (65,), recebido (63,)
2025-10-25 15:32:42,410 - ERROR - Formato de dados inválido para predição. Esperado (65,), recebido (63,)
2025-10-25 15:32:42,435 - ERROR - Formato de dados inválido para predição. Esperado (65,), recebido (63,)
2025-10-25 15:32:42,459 - ERROR - Formato de dados inválido para predição. Esperado (65,), recebido (63,)
2025-10-25 15:32:42,503 - ERROR - Formato de dados inválido para predição. Esperado (65,), recebido (63,)
2025-10-25 15:32:42,528 - ERROR - Formato de dados inválido para predição. Esperado (65,), recebido (63,)
2025-10-25 15:32:42,553 - ERROR - Formato de dados inválido para predição. Esperado (65,), recebido (63,)
2025-10-25 15:32:42,618 - ERROR - Formato de dados inválido para predição. Esperado (65,), recebido (63,)
2025-10-25 15:32:42,649 - ERROR - Formato de dados inválido para predição. Esperado (65,), recebido (63,)
2025-10-25 15:32:42,677 - ERROR - Formato de dados inválido para predição. Esperado (65,), recebido (63,)
2025-10-25 15:32:42,712 - ERROR - Formato de dados inválido para predição. Esperado (65,), recebido (63,)
2025-10-25 15:32:42,735 - ERROR - Formato de dados inválido para predição. Esperado (65,), recebido (63,)
2025-10-25 15:32:42,761 - ERROR - Formato de dados inválido para predição. Esperado (65,), recebido (63,)
2025-10-25 15:32:42,808 - ERROR - Formato de dados inválido para predição. Esperado (65,), recebido (63,)
2025-10-25 15:32:42,833 - ERROR - Formato de dados inválido para predição. Esperado (65,), recebido (63,)
2025-10-25 15:32:42,858 - ERROR - Formato de dados inválido para predição. Esperado (65,), recebido (63,)
2025-10-25 15:32:42,903 - ERROR - Formato de dados inválido para predição. Esperado (65,), recebido (63,)
2025-10-25 15:32:42,931 - ERROR - Formato de dados inválido para predição. Esperado (65,), recebido (63,)
2025-10-25 15:32:42,954 - ERROR - Formato de dados inválido para predição. Esperado (65,), recebido (63,)
2025-10-25 15:32:43,017 - ERROR - Formato de dados inválido para predição. Esperado (65,), recebido (63,)
2025-10-25 15:32:43,043 - ERROR - Formato de dados inválido para predição. Esperado (65,), recebido (63,)
2025-10-25 15:32:43,067 - ERROR - Formato de dados inválido para predição. Esperado (65,), recebido (63,)
2025-10-25 15:32:43,112 - ERROR - Formato de dados inválido para predição. Esperado (65,), recebido (63,)
2025-10-25 15:32:43,135 - ERROR - Formato de dados inválido para predição. Esperado (65,), recebido (63,)
2025-10-25 15:32:43,159 - ERROR - Formato de dados inválido para predição. Esperado (65,), recebido (63,)
2025-10-25 15:32:43,209 - ERROR - Formato de dados inválido para predição. Esperado (65,), recebido (63,)
2025-10-25 15:32:43,245 - ERROR - Formato de dados inválido para predição. Esperado (65,), recebido (63,)
2025-10-25 15:32:43,277 - ERROR - Formato de dados inválido para predição. Esperado (65,), recebido (63,)
2025-10-25 15:32:43,321 - ERROR - Formato de dados inválido para predição. Esperado (65,), recebido (63,)
2025-10-25 15:32:43,345 - ERROR - Formato de dados inválido para predição. Esperado (65,), recebido (63,)
2025-10-25 15:32:43,383 - ERROR - Formato de dados inválido para predição. Esperado (65,), recebido (63,)
2025-10-25 15:32:43,416 - ERROR - Formato de dados inválido para predição. Esperado (65,), recebido (63,)
2025-10-25 15:32:43,447 - ERROR - Formato de dados inválido para predição. Esperado (65,), recebido (63,)
2025-10-25 15:32:43,480 - ERROR - Formato de dados inválido para predição. Esperado (65,), recebido (63,)
2025-10-25 15:32:43,513 - ERROR - Formato de dados inválido para predição. Esperado (65,), recebido (63,)
2025-10-25 15:32:43,538 - ERROR - Formato de dados inválido para predição. Esperado (65,), recebido (63,)
2025-10-25 15:32:43,562 - ERROR - Formato de dados inválido para predição. Esperado (65,), recebido (63,)
2025-10-25 15:32:43,608 - ERROR - Formato de dados inválido para predição. Esperado (65,), recebido (63,)
2025-10-25 15:32:43,634 - ERROR - Formato de dados inválido para predição. Esperado (65,), recebido (63,)
2025-10-25 15:32:43,658 - ERROR - Formato de dados inválido para predição. Esperado (65,), recebido (63,)
2025-10-25 15:32:43,720 - ERROR - Formato de dados inválido para predição. Esperado (65,), recebido (63,)
2025-10-25 15:32:43,746 - ERROR - Formato de dados inválido para predição. Esperado (65,), recebido (63,)
2025-10-25 15:32:43,773 - ERROR - Formato de dados inválido para predição. Esperado (65,), recebido (63,)
2025-10-25 15:32:43,817 - ERROR - Formato de dados inválido para predição. Esperado (65,), recebido (63,)
2025-10-25 15:32:43,841 - ERROR - Formato de dados inválido para predição. Esperado (65,), recebido (63,)
2025-10-25 15:32:43,867 - ERROR - Formato de dados inválido para predição. Esperado (65,), recebido (63,)
2025-10-25 15:32:43,912 - ERROR - Formato de dados inválido para predição. Esperado (65,), recebido (63,)
2025-10-25 15:32:43,946 - ERROR - Formato de dados inválido para predição. Esperado (65,), recebido (63,)
2025-10-25 15:32:43,978 - ERROR - Formato de dados inválido para predição. Esperado (65,), recebido (63,)
2025-10-25 15:32:44,011 - ERROR - Formato de dados inválido para predição. Esperado (65,), recebido (63,)
2025-10-25 15:32:44,039 - ERROR - Formato de dados inválido para predição. Esperado (65,), recebido (63,)
2025-10-25 15:32:44,063 - ERROR - Formato de dados inválido para predição. Esperado (65,), recebido (63,)
2025-10-25 15:32:44,119 - ERROR - Formato de dados inválido para predição. Esperado (65,), recebido (63,)
2025-10-25 15:32:44,145 - ERROR - Formato de dados inválido para predição. Esperado (65,), recebido (63,)
2025-10-25 15:32:44,182 - ERROR - Formato de dados inválido para predição. Esperado (65,), recebido (63,)
2025-10-25 15:32:44,216 - ERROR - Formato de dados inválido para predição. Esperado (65,), recebido (63,)
2025-10-25 15:32:44,243 - ERROR - Formato de dados inválido para predição. Esperado (65,), recebido (63,)
2025-10-25 15:32:44,273 - ERROR - Formato de dados inválido para predição. Esperado (65,), recebido (63,)
2025-10-25 15:32:44,312 - ERROR - Formato de dados inválido para predição. Esperado (65,), recebido (63,)
2025-10-25 15:32:44,334 - ERROR - Formato de dados inválido para predição. Esperado (65,), recebido (63,)
2025-10-25 15:32:44,357 - ERROR - Formato de dados inválido para predição. Esperado (65,), recebido (63,)
2025-10-25 15:32:44,408 - ERROR - Formato de dados inválido para predição. Esperado (65,), recebido (63,)
2025-10-25 15:32:44,445 - ERROR - Formato de dados inválido para predição. Esperado (65,), recebido (63,)
2025-10-25 15:32:44,474 - ERROR - Formato de dados inválido para predição. Esperado (65,), recebido (63,)
2025-10-25 15:32:44,522 - ERROR - Formato de dados inválido para predição. Esperado (65,), recebido (63,)
2025-10-25 15:32:44,545 - ERROR - Formato de dados inválido para predição. Esperado (65,), recebido (63,)
2025-10-25 15:32:44,568 - ERROR - Formato de dados inválido para predição. Esperado (65,), recebido (63,)
2025-10-25 15:32:44,614 - ERROR - Formato de dados inválido para predição. Esperado (65,), recebido (63,)
2025-10-25 15:32:44,651 - ERROR - Formato de dados inválido para predição. Esperado (65,), recebido (63,)
2025-10-25 15:32:44,676 - ERROR - Formato de dados inválido para predição. Esperado (65,), recebido (63,)
2025-10-25 15:32:44,710 - ERROR - Formato de dados inválido para predição. Esperado (65,), recebido (63,)
2025-10-25 15:32:44,735 - ERROR - Formato de dados inválido para predição. Esperado (65,), recebido (63,)
2025-10-25 15:32:44,760 - ERROR - Formato de dados inválido para predição. Esperado (65,), recebido (63,)
2025-10-25 15:32:44,809 - ERROR - Formato de dados inválido para predição. Esperado (65,), recebido (63,)
2025-10-25 15:32:44,836 - ERROR - Formato de dados inválido para predição. Esperado (65,), recebido (63,)
2025-10-25 15:32:44,863 - ERROR - Formato de dados inválido para predição. Esperado (65,), recebido (63,)
2025-10-25 15:32:44,921 - ERROR - Formato de dados inválido para predição. Esperado (65,), recebido (63,)
2025-10-25 15:32:44,945 - ERROR - Formato de dados inválido para predição. Esperado (65,), recebido (63,)
2025-10-25 15:32:44,968 - ERROR - Formato de dados inválido para predição. Esperado (65,), recebido (63,)
2025-10-25 15:32:45,018 - ERROR - Formato de dados inválido para predição. Esperado (65,), recebido (63,)
2025-10-25 15:32:45,042 - ERROR - Formato de dados inválido para predição. Esperado (65,), recebido (63,)
2025-10-25 15:32:45,069 - ERROR - Formato de dados inválido para predição. Esperado (65,), recebido (63,)
2025-10-25 15:32:45,114 - ERROR - Formato de dados inválido para predição. Esperado (65,), recebido (63,)
2025-10-25 15:32:45,138 - ERROR - Formato de dados inválido para predição. Esperado (65,), recebido (63,)
2025-10-25 15:32:45,164 - ERROR - Formato de dados inválido para predição. Esperado (65,), recebido (63,)
2025-10-25 15:32:45,208 - ERROR - Formato de dados inválido para predição. Esperado (65,), recebido (63,)
2025-10-25 15:32:45,233 - ERROR - Formato de dados inválido para predição. Esperado (65,), recebido (63,)
2025-10-25 15:32:45,257 - ERROR - Formato de dados inválido para predição. Esperado (65,), recebido (63,)
2025-10-25 15:32:45,319 - ERROR - Formato de dados inválido para predição. Esperado (65,), recebido (63,)
2025-10-25 15:32:45,344 - ERROR - Formato de dados inválido para predição. Esperado (65,), recebido (63,)
2025-10-25 15:32:45,369 - ERROR - Formato de dados inválido para predição. Esperado (65,), recebido (63,)
2025-10-25 15:32:45,418 - ERROR - Formato de dados inválido para predição. Esperado (65,), recebido (63,)
2025-10-25 15:32:45,445 - ERROR - Formato de dados inválido para predição. Esperado (65,), recebido (63,)
2025-10-25 15:32:45,473 - ERROR - Formato de dados inválido para predição. Esperado (65,), recebido (63,)
2025-10-25 15:33:48,895 - INFO - Conexão com o banco de dados fechada
2025-10-25 15:33:49,296 - INFO - Conexão com o banco de dados fechada
2025-10-25 15:33:49,296 - INFO - Recursos de gestos dinâmicos liberados
